<?xml version="1.0" encoding="UTF-8"?>
<!-- Generated by org.testng.reporters.JUnitXMLReporter -->
<testsuite ignored="0" hostname="INR2200524" failures="0" tests="4" name="Default test" time="5.907" errors="0" timestamp="2024-07-20T12:02:16 IST">
  <testcase classname="com.weather.api.tests.WeatherApiTestcases" name="weatherApiTest" time="2.722"/>
  <testcase classname="com.weather.api.tests.WeatherApiTestcases" name="weatherApiTest" time="1.252"/>
  <testcase classname="com.weather.api.tests.WeatherApiTestcases" name="weatherApiTest" time="1.395"/>
  <testcase classname="com.weather.api.tests.WeatherApiTestcases" name="maximumTemprature" time="0.041"/>
</testsuite> <!-- Default test -->
