<?xml version="1.0" encoding="UTF-8"?>
<!-- Generated by org.testng.reporters.JUnitXMLReporter -->
<testsuite ignored="0" hostname="INR2200524" failures="0" tests="4" name="Default test" time="6.578" errors="0" timestamp="2024-07-20T11:43:55 IST">
  <testcase classname="com.weather.api.tests.WeatherApiTestcases" name="weatherApiTest" time="2.697"/>
  <testcase classname="com.weather.api.tests.WeatherApiTestcases" name="weatherApiTest" time="2.151"/>
  <testcase classname="com.weather.api.tests.WeatherApiTestcases" name="weatherApiTest" time="1.136"/>
  <testcase classname="com.weather.api.tests.WeatherApiTestcases" name="compareTemp" time="0.036"/>
</testsuite> <!-- Default test -->
