<?xml version="1.0" encoding="UTF-8"?>
<testng-results ignored="0" total="4" passed="4" failed="0" skipped="0">
  <reporter-output>
  </reporter-output>
  <suite started-at="2024-07-20T11:43:48 IST" name="Default suite" finished-at="2024-07-20T11:43:54 IST" duration-ms="6578">
    <groups>
    </groups>
    <test started-at="2024-07-20T11:43:48 IST" name="Default test" finished-at="2024-07-20T11:43:54 IST" duration-ms="6578">
      <class name="com.weather.api.tests.WeatherApiTestcases">
        <test-method signature="weatherApiTest(java.lang.String)[pri:1, instance:com.weather.api.tests.WeatherApiTestcases@5ae50ce6]" started-at="2024-07-20T11:43:48 IST" name="weatherApiTest" description="Weather api" data-provider="data" finished-at="2024-07-20T11:43:51 IST" duration-ms="2697" status="PASS">
          <params>
            <param index="0">
              <value>
                <![CDATA[London]]>
              </value>
            </param>
          </params>
          <reporter-output>
          </reporter-output>
        </test-method> <!-- weatherApiTest -->
        <test-method signature="weatherApiTest(java.lang.String)[pri:1, instance:com.weather.api.tests.WeatherApiTestcases@5ae50ce6]" started-at="2024-07-20T11:43:51 IST" name="weatherApiTest" description="Weather api" data-provider="data" finished-at="2024-07-20T11:43:53 IST" duration-ms="2151" status="PASS">
          <params>
            <param index="0">
              <value>
                <![CDATA[America]]>
              </value>
            </param>
          </params>
          <reporter-output>
          </reporter-output>
        </test-method> <!-- weatherApiTest -->
        <test-method signature="weatherApiTest(java.lang.String)[pri:1, instance:com.weather.api.tests.WeatherApiTestcases@5ae50ce6]" started-at="2024-07-20T11:43:53 IST" name="weatherApiTest" description="Weather api" data-provider="data" finished-at="2024-07-20T11:43:54 IST" duration-ms="1136" status="PASS">
          <params>
            <param index="0">
              <value>
                <![CDATA[India]]>
              </value>
            </param>
          </params>
          <reporter-output>
          </reporter-output>
        </test-method> <!-- weatherApiTest -->
        <test-method signature="compareTemp()[pri:2, instance:com.weather.api.tests.WeatherApiTestcases@5ae50ce6]" started-at="2024-07-20T11:43:54 IST" name="compareTemp" description="compare" finished-at="2024-07-20T11:43:54 IST" duration-ms="36" status="PASS">
          <reporter-output>
          </reporter-output>
        </test-method> <!-- compareTemp -->
      </class> <!-- com.weather.api.tests.WeatherApiTestcases -->
    </test> <!-- Default test -->
  </suite> <!-- Default suite -->
</testng-results>
