<?xml version="1.0" encoding="UTF-8"?>
<testng-results ignored="0" total="1" passed="1" failed="0" skipped="0">
  <reporter-output>
  </reporter-output>
  <suite started-at="2024-07-13T23:46:30 IST" name="Default suite" finished-at="2024-07-13T23:46:34 IST" duration-ms="3323">
    <groups>
    </groups>
    <test started-at="2024-07-13T23:46:30 IST" name="Default test" finished-at="2024-07-13T23:46:34 IST" duration-ms="3323">
      <class name="com.petstore.api.pet.tests.Api_Pet_Testcases">
        <test-method signature="createPetDetails()[pri:0, instance:com.petstore.api.pet.tests.Api_Pet_Testcases@45b9a632]" started-at="2024-07-13T23:46:30 IST" name="createPetDetails" description="Add new pet details" finished-at="2024-07-13T23:46:34 IST" duration-ms="3304" status="PASS">
          <reporter-output>
          </reporter-output>
        </test-method> <!-- createPetDetails -->
      </class> <!-- com.petstore.api.pet.tests.Api_Pet_Testcases -->
    </test> <!-- Default test -->
  </suite> <!-- Default suite -->
</testng-results>
